2024-09-15T09:06:44.998Z [INFO]: All active tasks initialized successfully.
2024-09-15T09:06:50.038Z [INFO]: All active tasks initialized successfully.
2024-09-15T09:11:38.989Z [INFO]: All active tasks initialized successfully.
2024-09-15T09:12:42.048Z [INFO]: All active tasks initialized successfully.
2024-09-15T09:17:10.743Z [INFO]: All active tasks initialized successfully.
2024-09-15T09:18:08.718Z [INFO]: All active tasks initialized successfully.
2024-09-15T09:19:06.078Z [INFO]: All active tasks initialized successfully.
2024-09-15T09:19:09.337Z [INFO]: All active tasks initialized successfully.
2024-09-15T09:22:46.077Z [INFO]: All active tasks initialized successfully.
2024-09-15T09:28:33.987Z [INFO]: All active tasks initialized successfully.
2024-09-15T09:31:04.222Z [INFO]: All active tasks initialized successfully.
2024-09-15T09:31:18.587Z [INFO]: All active tasks initialized successfully.
2024-09-15T09:32:04.098Z [INFO]: Task Updated Reminder Email executed successfully at 9/15/2024, 3:02:04 PM
2024-09-15T09:33:04.034Z [INFO]: Task Updated Reminder Email executed successfully at 9/15/2024, 3:03:04 PM
2024-09-15T09:34:04.174Z [INFO]: Task Updated Reminder Email executed successfully at 9/15/2024, 3:04:04 PM
2024-09-15T09:35:04.152Z [INFO]: Task Updated Reminder Email executed successfully at 9/15/2024, 3:05:04 PM
2024-09-15T09:36:04.308Z [INFO]: Task Updated Reminder Email executed successfully at 9/15/2024, 3:06:04 PM
2024-09-15T09:37:04.476Z [INFO]: Task Updated Reminder Email executed successfully at 9/15/2024, 3:07:04 PM
2024-09-15T09:38:02.539Z [INFO]: Task Updated Reminder Email executed successfully at 9/15/2024, 3:08:02 PM
2024-09-15T09:39:03.491Z [INFO]: Task Updated Reminder Email executed successfully at 9/15/2024, 3:09:03 PM
2024-09-15T09:40:02.811Z [INFO]: Task Updated Reminder Email executed successfully at 9/15/2024, 3:10:02 PM
2024-09-15T09:40:29.103Z [INFO]: All active tasks initialized successfully.
2024-09-15T09:55:29.640Z [INFO]: All active tasks initialized successfully.
2024-09-15T09:56:31.613Z [INFO]: All active tasks initialized successfully.
2024-09-15T09:56:42.333Z [INFO]: All active tasks initialized successfully.
2024-09-15T10:34:02.346Z [INFO]: All active tasks initialized successfully.
2024-09-15T10:34:38.203Z [INFO]: All active tasks initialized successfully.
2024-09-15T10:34:55.194Z [INFO]: All active tasks initialized successfully.
2024-09-15T10:38:39.608Z [INFO]: All active tasks initialized successfully.
2024-09-15T11:13:04.841Z [INFO]: All active tasks initialized successfully.
2024-09-15T11:14:03.573Z [INFO]: Task Ganesh executed successfully at 9/15/2024, 4:44:03 PM
2024-09-15T11:14:04.754Z [INFO]: Task Ganesh executed successfully at 9/15/2024, 4:44:04 PM
2024-09-15T11:15:03.508Z [INFO]: Task Ganesh executed successfully at 9/15/2024, 4:45:03 PM
2024-09-15T11:15:05.064Z [INFO]: Task Ganesh executed successfully at 9/15/2024, 4:45:05 PM
2024-09-15T11:16:04.146Z [INFO]: Task Ganesh executed successfully at 9/15/2024, 4:46:04 PM
2024-09-15T11:16:04.631Z [INFO]: Task Ganesh executed successfully at 9/15/2024, 4:46:04 PM
2024-09-15T11:17:03.327Z [INFO]: Task Ganesh executed successfully at 9/15/2024, 4:47:03 PM
2024-09-15T11:17:03.495Z [INFO]: Task Ganesh executed successfully at 9/15/2024, 4:47:03 PM
2024-09-15T11:18:03.410Z [INFO]: Task Ganesh executed successfully at 9/15/2024, 4:48:03 PM
2024-09-15T11:18:03.558Z [INFO]: Task Ganesh executed successfully at 9/15/2024, 4:48:03 PM
2024-09-15T11:19:02.546Z [INFO]: Task Ganesh executed successfully at 9/15/2024, 4:49:02 PM
2024-09-15T11:19:03.635Z [INFO]: Task Ganesh executed successfully at 9/15/2024, 4:49:03 PM
2024-09-15T11:20:03.339Z [INFO]: Task Ganesh executed successfully at 9/15/2024, 4:50:03 PM
2024-09-15T11:20:03.550Z [INFO]: Task Ganesh executed successfully at 9/15/2024, 4:50:03 PM
2024-09-15T11:21:53.975Z [INFO]: All active tasks initialized successfully.
2024-09-15T11:33:22.132Z [INFO]: All active tasks initialized successfully.
2024-09-15T11:36:53.540Z [INFO]: All active tasks initialized successfully.
2024-09-15T11:38:11.184Z [INFO]: All active tasks initialized successfully.
2024-09-15T11:39:03.207Z [INFO]: All active tasks initialized successfully.
2024-09-15T11:44:03.018Z [INFO]: Task Demo executed successfully at 9/15/2024, 5:14:02 PM
2024-09-15T11:45:03.141Z [INFO]: Task Demo executed successfully at 9/15/2024, 5:15:03 PM
2024-09-15T11:46:02.917Z [INFO]: Task Demo executed successfully at 9/15/2024, 5:16:02 PM
2024-09-15T11:46:37.577Z [INFO]: All active tasks initialized successfully.
2024-09-15T11:47:03.342Z [INFO]: Task Demo executed successfully at 9/15/2024, 5:17:03 PM
2024-09-15T11:47:15.516Z [INFO]: All active tasks initialized successfully.
2024-09-15T11:48:03.430Z [INFO]: Task Demo executed successfully at 9/15/2024, 5:18:03 PM
2024-09-15T11:49:04.160Z [INFO]: Task Demo executed successfully at 9/15/2024, 5:19:04 PM
2024-09-15T11:50:03.466Z [INFO]: Task Demo executed successfully at 9/15/2024, 5:20:03 PM
2024-09-15T11:51:04.137Z [INFO]: Task Demo executed successfully at 9/15/2024, 5:21:04 PM
2024-09-15T11:52:04.100Z [INFO]: Task Demo executed successfully at 9/15/2024, 5:22:04 PM
2024-09-15T11:53:04.511Z [INFO]: Task Demo executed successfully at 9/15/2024, 5:23:04 PM
2024-09-15T11:54:04.348Z [INFO]: Task Demo executed successfully at 9/15/2024, 5:24:04 PM
2024-09-15T11:55:03.349Z [INFO]: Task Demo executed successfully at 9/15/2024, 5:25:03 PM
2024-09-15T11:55:03.445Z [INFO]: Task Ganesh executed successfully at 9/15/2024, 5:25:03 PM
2024-09-15T11:56:02.675Z [INFO]: Task Demo executed successfully at 9/15/2024, 5:26:02 PM
2024-09-15T11:56:03.994Z [INFO]: Task Ganesh executed successfully at 9/15/2024, 5:26:03 PM
2024-09-15T11:57:03.444Z [INFO]: Task Demo executed successfully at 9/15/2024, 5:27:03 PM
2024-09-15T11:57:03.572Z [INFO]: Task Ganesh executed successfully at 9/15/2024, 5:27:03 PM
2024-09-15T11:58:03.418Z [INFO]: Task Ganesh executed successfully at 9/15/2024, 5:28:03 PM
2024-09-15T11:58:03.594Z [INFO]: Task Demo executed successfully at 9/15/2024, 5:28:03 PM
2024-09-15T11:59:02.839Z [INFO]: Task Ganesh executed successfully at 9/15/2024, 5:29:02 PM
2024-09-15T11:59:03.691Z [INFO]: Task Demo executed successfully at 9/15/2024, 5:29:03 PM
2024-09-15T12:00:02.763Z [INFO]: Task Demo executed successfully at 9/15/2024, 5:30:02 PM
2024-09-15T12:00:03.973Z [INFO]: Task Ganesh executed successfully at 9/15/2024, 5:30:03 PM
2024-09-15T12:01:02.937Z [INFO]: Task Demo executed successfully at 9/15/2024, 5:31:02 PM
2024-09-15T12:01:03.061Z [INFO]: Task Ganesh executed successfully at 9/15/2024, 5:31:03 PM
2024-09-15T12:02:48.965Z [INFO]: All active tasks initialized successfully.
2024-09-15T14:02:57.888Z [INFO]: All active tasks initialized successfully.
2024-09-15T14:03:04.434Z [INFO]: Task demo executed successfully at 9/15/2024, 7:33:04 PM
2024-09-15T14:03:04.587Z [INFO]: Task demo executed successfully at 9/15/2024, 7:33:04 PM
2024-09-15T14:04:03.894Z [INFO]: Task demo executed successfully at 9/15/2024, 7:34:03 PM
2024-09-15T14:04:04.123Z [INFO]: Task demo executed successfully at 9/15/2024, 7:34:04 PM
2024-09-15T14:05:03.319Z [INFO]: Task demo executed successfully at 9/15/2024, 7:35:03 PM
2024-09-15T14:05:05.371Z [INFO]: Task demo executed successfully at 9/15/2024, 7:35:05 PM
2024-09-15T14:06:03.785Z [INFO]: Task demo executed successfully at 9/15/2024, 7:36:03 PM
2024-09-15T14:06:03.818Z [INFO]: Task demo executed successfully at 9/15/2024, 7:36:03 PM
2024-09-15T14:07:02.904Z [INFO]: Task demo executed successfully at 9/15/2024, 7:37:02 PM
2024-09-15T14:07:03.038Z [INFO]: Task demo executed successfully at 9/15/2024, 7:37:03 PM
2024-09-15T14:08:03.171Z [INFO]: Task demo executed successfully at 9/15/2024, 7:38:03 PM
2024-09-15T14:08:04.521Z [INFO]: Task demo executed successfully at 9/15/2024, 7:38:04 PM
2024-09-15T14:08:20.940Z [INFO]: All active tasks initialized successfully.
2024-09-15T14:32:16.865Z [INFO]: All active tasks initialized successfully.
